
[2021-05-01 14:28:44.6436] RECEIVE Control frame: [21:14:6b:00:00]

[2021-05-01 14:28:44.6527] Start PROCESS RTS control frame: [21:5227:00:00]
[2021-05-01 14:28:44.6527] DONE! Set CTS sending timer: [131]

[2021-05-01 14:28:57.9512] SEND CTS: [12:15:03:13:01]

[2021-05-01 14:29:14.8562] RECEIVE Control frame: [21:15:99:14:02]

[2021-05-01 14:29:18.8436] Start PROCESS DATA control frame: [21:5529:14:02]
[2021-05-01 14:29:18.8436] PASS DATA to network layer successfully! DATA: [11234567890123456789]
[2021-05-01 14:29:18.8436] DONE! Set ACK sending timer: [91]
[2021-05-01 14:29:18.8436] DATA receive successfully!

[2021-05-01 14:29:27.9432] SEND ACK: [12:16:2f:13:03]

[2021-05-01 14:29:37.9561] RECEIVE Control frame: [21:16:80:14:00]

[2021-05-01 14:29:37.9562] Start PROCESS RTS control frame: [21:5760:14:00]
[2021-05-01 14:29:37.9562] DONE! Set CTS sending timer: [131]

[2021-05-01 14:29:51.0444] SEND CTS: [12:17:16:13:01]

[2021-05-01 14:30:08.1544] RECEIVE Control frame: [21:17:ad:14:02]

[2021-05-01 14:30:12.1513] Start PROCESS DATA control frame: [21:6061:14:02]
[2021-05-01 14:30:12.1513] PASS DATA to network layer successfully! DATA: [12468024680246802468]
[2021-05-01 14:30:12.1513] DONE! Set ACK sending timer: [90]
[2021-05-01 14:30:12.1513] DATA receive successfully!

[2021-05-01 14:30:21.1442] SEND ACK: [12:18:43:14:03]

[2021-05-01 14:30:29.1665] RECEIVE Control frame: [21:18:80:14:00]

[2021-05-01 14:30:29.1665] Start PROCESS RTS control frame: [21:6272:14:00]
[2021-05-01 14:30:29.1665] DONE! Set CTS sending timer: [131]

[2021-05-01 14:30:42.2440] SEND CTS: [12:19:16:13:01]

[2021-05-01 14:30:59.1476] RECEIVE Control frame: [21:19:ac:14:02]

[2021-05-01 14:31:03.1589] Start PROCESS DATA control frame: [21:6572:14:02]
[2021-05-01 14:31:03.1589] PASS DATA to network layer successfully! DATA: [11357913579135791357]
[2021-05-01 14:31:03.1589] DONE! Set ACK sending timer: [91]
[2021-05-01 14:31:03.1589] DATA receive successfully!

[2021-05-01 14:31:12.2502] SEND ACK: [12:1a:42:13:03]

[2021-05-01 14:31:19.3468] RECEIVE Control frame: [21:1a:76:14:00]

[2021-05-01 14:31:19.3469] Start PROCESS RTS control frame: [21:6774:14:00]
[2021-05-01 14:31:19.3469] DONE! Set CTS sending timer: [131]

[2021-05-01 14:31:32.4625] SEND CTS: [12:1b:0c:13:01]

[2021-05-01 14:31:49.3511] RECEIVE Control frame: [21:1b:a2:14:02]

[2021-05-01 14:31:53.3545] Start PROCESS DATA control frame: [21:7074:14:02]
[2021-05-01 14:31:53.3545] PASS DATA to network layer successfully! DATA: [16666666666666666666]
[2021-05-01 14:31:53.3545] DONE! Set ACK sending timer: [91]
[2021-05-01 14:31:53.3545] DATA receive successfully!

[2021-05-01 14:32:02.4473] SEND ACK: [12:1c:38:13:03]

[2021-05-01 14:32:09.4511] RECEIVE Control frame: [21:1c:6a:14:00]

[2021-05-01 14:32:09.4511] Start PROCESS RTS control frame: [21:7274:14:00]
[2021-05-01 14:32:09.4511] DONE! Set CTS sending timer: [130]

[2021-05-01 14:32:22.4435] SEND CTS: [12:1d:00:14:01]

[2021-05-01 14:32:39.3435] RECEIVE Control frame: [21:1d:96:14:02]

[2021-05-01 14:32:43.3510] Start PROCESS DATA control frame: [21:7574:14:02]
[2021-05-01 14:32:43.3510] PASS DATA to network layer successfully! DATA: [13333333333333333333]
[2021-05-01 14:32:43.3510] DONE! Set ACK sending timer: [91]
[2021-05-01 14:32:43.3510] DATA receive successfully!

[2021-05-01 14:32:52.4466] SEND ACK: [12:1e:2c:13:03]

[2021-05-01 14:32:59.4435] RECEIVE Control frame: [21:1e:5f:14:00]

[2021-05-01 14:32:59.4435] Start PROCESS RTS control frame: [21:7775:14:00]
[2021-05-01 14:32:59.4435] DONE! Set CTS sending timer: [131]

[2021-05-01 14:33:12.5441] SEND CTS: [12:1e:f5:13:01]

[2021-05-01 14:33:29.4511] RECEIVE Control frame: [21:1f:8b:14:02]

[2021-05-01 14:33:33.4514] Start PROCESS DATA control frame: [21:8075:14:02]
[2021-05-01 14:33:33.4514] PASS DATA to network layer successfully! DATA: [11234567890123456789]
[2021-05-01 14:33:33.4514] DONE! Set ACK sending timer: [91]
[2021-05-01 14:33:33.4514] DATA receive successfully!

[2021-05-01 14:33:42.5552] SEND ACK: [12:20:21:13:03]

[2021-05-01 14:33:49.6557] RECEIVE Control frame: [21:20:54:14:00]

[2021-05-01 14:33:49.6559] Start PROCESS RTS control frame: [21:8276:14:00]
[2021-05-01 14:33:49.6559] DONE! Set CTS sending timer: [130]

[2021-05-01 14:34:02.6572] SEND CTS: [12:20:ea:14:01]

[2021-05-01 14:34:19.5436] RECEIVE Control frame: [21:21:80:14:02]

[2021-05-01 14:34:23.5435] Start PROCESS DATA control frame: [21:8576:14:02]
[2021-05-01 14:34:23.5435] PASS DATA to network layer successfully! DATA: [12468024680246802468]
[2021-05-01 14:34:23.5435] DONE! Set ACK sending timer: [91]
[2021-05-01 14:34:23.5435] DATA receive successfully!

[2021-05-01 14:34:32.6433] SEND ACK: [12:22:16:13:03]

[2021-05-01 14:34:39.5549] RECEIVE Control frame: [21:22:48:14:00]

[2021-05-01 14:34:39.5550] Start PROCESS RTS control frame: [21:8776:14:00]
[2021-05-01 14:34:39.5550] DONE! Set CTS sending timer: [131]

[2021-05-01 14:34:52.6440] SEND CTS: [12:22:de:13:01]

[2021-05-01 14:35:09.5467] RECEIVE Control frame: [21:23:74:14:02]

[2021-05-01 14:35:13.5473] Start PROCESS DATA control frame: [21:9076:14:02]
[2021-05-01 14:35:13.5473] PASS DATA to network layer successfully! DATA: [11357913579135791357]
[2021-05-01 14:35:13.5473] DONE! Set ACK sending timer: [91]
[2021-05-01 14:35:13.5473] DATA receive successfully!

[2021-05-01 14:35:22.6550] SEND ACK: [12:24:0a:13:03]

[2021-05-01 14:35:29.6514] RECEIVE Control frame: [21:24:3d:14:00]

[2021-05-01 14:35:29.6515] Start PROCESS RTS control frame: [21:9277:14:00]
[2021-05-01 14:35:29.6515] DONE! Set CTS sending timer: [131]

[2021-05-01 14:35:42.7555] SEND CTS: [12:24:d3:13:01]

[2021-05-01 14:35:59.6435] RECEIVE Control frame: [21:25:69:14:02]

[2021-05-01 14:36:03.6547] Start PROCESS DATA control frame: [21:9577:14:02]
[2021-05-01 14:36:03.6547] PASS DATA to network layer successfully! DATA: [16666666666666666666]
[2021-05-01 14:36:03.6547] DONE! Set ACK sending timer: [91]
[2021-05-01 14:36:03.6547] DATA receive successfully!

[2021-05-01 14:36:12.7550] SEND ACK: [12:25:ff:13:03]

[2021-05-01 14:36:20.0441] RECEIVE Control frame: [21:26:35:14:00]

[2021-05-01 14:36:20.0442] Start PROCESS RTS control frame: [21:9781:14:00]
[2021-05-01 14:36:20.0442] DONE! Set CTS sending timer: [131]

[2021-05-01 14:36:33.1472] SEND CTS: [12:26:cb:13:01]

[2021-05-01 14:36:50.0555] RECEIVE Control frame: [21:27:61:14:02]

[2021-05-01 14:36:54.0545] Start PROCESS DATA control frame: [21:10081:14:02]
[2021-05-01 14:36:54.0545] PASS DATA to network layer successfully! DATA: [13333333333333333333]
[2021-05-01 14:36:54.0545] DONE! Set ACK sending timer: [91]
[2021-05-01 14:36:54.0545] DATA receive successfully!

[2021-05-01 14:37:03.1433] SEND ACK: [12:27:f7:13:03]
