
[2021-05-01 14:28:44.6526] ADD Collision node: [3]->{21:00:5227} 

[2021-05-01 14:29:18.8435] ADD Collision node: [3]->{21:02:5529} 

[2021-05-01 14:29:37.9562] ADD Collision node: [3]->{21:00:5760} 

[2021-05-01 14:30:12.1512] ADD Collision node: [3]->{21:02:6061} 

[2021-05-01 14:30:29.1665] ADD Collision node: [3]->{21:00:6272} 

[2021-05-01 14:31:03.1588] ADD Collision node: [3]->{21:02:6572} 

[2021-05-01 14:31:19.3469] ADD Collision node: [3]->{21:00:6774} 

[2021-05-01 14:31:53.3544] ADD Collision node: [3]->{21:02:7074} 

[2021-05-01 14:32:09.4511] ADD Collision node: [3]->{21:00:7274} 

[2021-05-01 14:32:43.3509] ADD Collision node: [3]->{21:02:7574} 

[2021-05-01 14:32:59.4435] ADD Collision node: [3]->{21:00:7775} 

[2021-05-01 14:33:33.4514] ADD Collision node: [3]->{21:02:8075} 

[2021-05-01 14:33:49.6559] ADD Collision node: [3]->{21:00:8276} 

[2021-05-01 14:34:23.5435] ADD Collision node: [3]->{21:02:8576} 

[2021-05-01 14:34:39.5549] ADD Collision node: [3]->{21:00:8776} 

[2021-05-01 14:35:13.5473] ADD Collision node: [3]->{21:02:9076} 

[2021-05-01 14:35:29.6514] ADD Collision node: [3]->{21:00:9277} 

[2021-05-01 14:36:03.6547] ADD Collision node: [3]->{21:02:9577} 

[2021-05-01 14:36:20.0442] ADD Collision node: [3]->{21:00:9781} 

[2021-05-01 14:36:54.0545] ADD Collision node: [3]->{21:02:10081} 

[2021-05-01 14:37:03.7995] Start deleting delay map:

[0]->{13:(nil):(nil)}

[1]->{00:(nil):(nil)}

[2]->{00:(nil):(nil)}

[3]->{00:0x5652c3d467d0:0x5652c3d46af0}

[2021-05-01 14:37:03.7999] REMOVE Collision node: [3]->{21:00:5227} 

[2021-05-01 14:37:03.8000] REMOVE Collision node: [3]->{21:02:5529} 

[2021-05-01 14:37:03.8000] REMOVE Collision node: [3]->{21:00:5760} 

[2021-05-01 14:37:03.8001] REMOVE Collision node: [3]->{21:02:6061} 

[2021-05-01 14:37:03.8001] REMOVE Collision node: [3]->{21:00:6272} 

[2021-05-01 14:37:03.8002] REMOVE Collision node: [3]->{21:02:6572} 

[2021-05-01 14:37:03.8002] REMOVE Collision node: [3]->{21:00:6774} 

[2021-05-01 14:37:03.8003] REMOVE Collision node: [3]->{21:02:7074} 

[2021-05-01 14:37:03.8003] REMOVE Collision node: [3]->{21:00:7274} 

[2021-05-01 14:37:03.8004] REMOVE Collision node: [3]->{21:02:7574} 

[2021-05-01 14:37:03.8004] REMOVE Collision node: [3]->{21:00:7775} 

[2021-05-01 14:37:03.8005] REMOVE Collision node: [3]->{21:02:8075} 

[2021-05-01 14:37:03.8005] REMOVE Collision node: [3]->{21:00:8276} 

[2021-05-01 14:37:03.8006] REMOVE Collision node: [3]->{21:02:8576} 

[2021-05-01 14:37:03.8007] REMOVE Collision node: [3]->{21:00:8776} 

[2021-05-01 14:37:03.8007] REMOVE Collision node: [3]->{21:02:9076} 

[2021-05-01 14:37:03.8008] REMOVE Collision node: [3]->{21:00:9277} 

[2021-05-01 14:37:03.8008] REMOVE Collision node: [3]->{21:02:9577} 

[2021-05-01 14:37:03.8009] REMOVE Collision node: [3]->{21:00:9781} 

[2021-05-01 14:37:03.8009] REMOVE Collision node:[3]->{21:02:10081} 

[4]->{00:(nil):(nil)}

[5]->{00:(nil):(nil)}

[6]->{00:(nil):(nil)}

[7]->{00:(nil):(nil)}

[8]->{00:(nil):(nil)}

[9]->{00:(nil):(nil)}

[10]->{00:(nil):(nil)}

[11]->{00:(nil):(nil)}

[12]->{00:(nil):(nil)}

[13]->{00:(nil):(nil)}

[2021-05-01 14:37:03.8015] Delete delay map successfully!
